CRITICAL - 2023-06-18 04:56:16 --> Undefined variable $products
in APPPATH/Views/product_list.php on line 17.
 1 APPPATH/Views/product_list.php(17): CodeIgniter\Debug\Exceptions->errorHandler(2, 'Undefined variable $products', '/Users/budspencerdev/informacion/Proyectos/www/codeigniter/app/Views/product_list.php', 17)
 2 SYSTEMPATH/View/View.php(213): include('/Users/budspencerdev/informacion/Proyectos/www/codeigniter/app/Views/product_list.php')
 3 SYSTEMPATH/View/View.php(216): CodeIgniter\View\View->CodeIgniter\View\{closure}()
 4 SYSTEMPATH/Common.php(1184): CodeIgniter\View\View->render('product_list', [], true)
 5 APPPATH/Controllers/Home.php(10): view('product_list')
 6 SYSTEMPATH/CodeIgniter.php(934): App\Controllers\Home->index()
 7 SYSTEMPATH/CodeIgniter.php(499): CodeIgniter\CodeIgniter->runController(Object(App\Controllers\Home))
 8 SYSTEMPATH/CodeIgniter.php(368): CodeIgniter\CodeIgniter->handleRequest(null, Object(Config\Cache), false)
 9 FCPATH/index.php(67): CodeIgniter\CodeIgniter->run()
CRITICAL - 2023-06-18 04:57:02 --> Undefined variable $products
in APPPATH/Views/product_list.php on line 17.
 1 APPPATH/Views/product_list.php(17): CodeIgniter\Debug\Exceptions->errorHandler(2, 'Undefined variable $products', '/Users/budspencerdev/informacion/Proyectos/www/codeigniter/app/Views/product_list.php', 17)
 2 SYSTEMPATH/View/View.php(213): include('/Users/budspencerdev/informacion/Proyectos/www/codeigniter/app/Views/product_list.php')
 3 SYSTEMPATH/View/View.php(216): CodeIgniter\View\View->CodeIgniter\View\{closure}()
 4 SYSTEMPATH/Common.php(1184): CodeIgniter\View\View->render('product_list', [], true)
 5 APPPATH/Controllers/Home.php(10): view('product_list')
 6 SYSTEMPATH/CodeIgniter.php(934): App\Controllers\Home->index()
 7 SYSTEMPATH/CodeIgniter.php(499): CodeIgniter\CodeIgniter->runController(Object(App\Controllers\Home))
 8 SYSTEMPATH/CodeIgniter.php(368): CodeIgniter\CodeIgniter->handleRequest(null, Object(Config\Cache), false)
 9 FCPATH/index.php(67): CodeIgniter\CodeIgniter->run()
CRITICAL - 2023-06-18 04:57:03 --> Undefined variable $products
in APPPATH/Views/product_list.php on line 17.
 1 APPPATH/Views/product_list.php(17): CodeIgniter\Debug\Exceptions->errorHandler(2, 'Undefined variable $products', '/Users/budspencerdev/informacion/Proyectos/www/codeigniter/app/Views/product_list.php', 17)
 2 SYSTEMPATH/View/View.php(213): include('/Users/budspencerdev/informacion/Proyectos/www/codeigniter/app/Views/product_list.php')
 3 SYSTEMPATH/View/View.php(216): CodeIgniter\View\View->CodeIgniter\View\{closure}()
 4 SYSTEMPATH/Common.php(1184): CodeIgniter\View\View->render('product_list', [], true)
 5 APPPATH/Controllers/Home.php(10): view('product_list')
 6 SYSTEMPATH/CodeIgniter.php(934): App\Controllers\Home->index()
 7 SYSTEMPATH/CodeIgniter.php(499): CodeIgniter\CodeIgniter->runController(Object(App\Controllers\Home))
 8 SYSTEMPATH/CodeIgniter.php(368): CodeIgniter\CodeIgniter->handleRequest(null, Object(Config\Cache), false)
 9 FCPATH/index.php(67): CodeIgniter\CodeIgniter->run()
CRITICAL - 2023-06-18 04:57:03 --> Undefined variable $products
in APPPATH/Views/product_list.php on line 17.
 1 APPPATH/Views/product_list.php(17): CodeIgniter\Debug\Exceptions->errorHandler(2, 'Undefined variable $products', '/Users/budspencerdev/informacion/Proyectos/www/codeigniter/app/Views/product_list.php', 17)
 2 SYSTEMPATH/View/View.php(213): include('/Users/budspencerdev/informacion/Proyectos/www/codeigniter/app/Views/product_list.php')
 3 SYSTEMPATH/View/View.php(216): CodeIgniter\View\View->CodeIgniter\View\{closure}()
 4 SYSTEMPATH/Common.php(1184): CodeIgniter\View\View->render('product_list', [], true)
 5 APPPATH/Controllers/Home.php(10): view('product_list')
 6 SYSTEMPATH/CodeIgniter.php(934): App\Controllers\Home->index()
 7 SYSTEMPATH/CodeIgniter.php(499): CodeIgniter\CodeIgniter->runController(Object(App\Controllers\Home))
 8 SYSTEMPATH/CodeIgniter.php(368): CodeIgniter\CodeIgniter->handleRequest(null, Object(Config\Cache), false)
 9 FCPATH/index.php(67): CodeIgniter\CodeIgniter->run()
CRITICAL - 2023-06-18 04:57:03 --> Undefined variable $products
in APPPATH/Views/product_list.php on line 17.
 1 APPPATH/Views/product_list.php(17): CodeIgniter\Debug\Exceptions->errorHandler(2, 'Undefined variable $products', '/Users/budspencerdev/informacion/Proyectos/www/codeigniter/app/Views/product_list.php', 17)
 2 SYSTEMPATH/View/View.php(213): include('/Users/budspencerdev/informacion/Proyectos/www/codeigniter/app/Views/product_list.php')
 3 SYSTEMPATH/View/View.php(216): CodeIgniter\View\View->CodeIgniter\View\{closure}()
 4 SYSTEMPATH/Common.php(1184): CodeIgniter\View\View->render('product_list', [], true)
 5 APPPATH/Controllers/Home.php(10): view('product_list')
 6 SYSTEMPATH/CodeIgniter.php(934): App\Controllers\Home->index()
 7 SYSTEMPATH/CodeIgniter.php(499): CodeIgniter\CodeIgniter->runController(Object(App\Controllers\Home))
 8 SYSTEMPATH/CodeIgniter.php(368): CodeIgniter\CodeIgniter->handleRequest(null, Object(Config\Cache), false)
 9 FCPATH/index.php(67): CodeIgniter\CodeIgniter->run()
CRITICAL - 2023-06-18 04:57:58 --> Undefined variable $products
in APPPATH/Views/product_list.php on line 17.
 1 APPPATH/Views/product_list.php(17): CodeIgniter\Debug\Exceptions->errorHandler(2, 'Undefined variable $products', '/Users/budspencerdev/informacion/Proyectos/www/codeigniter/app/Views/product_list.php', 17)
 2 SYSTEMPATH/View/View.php(213): include('/Users/budspencerdev/informacion/Proyectos/www/codeigniter/app/Views/product_list.php')
 3 SYSTEMPATH/View/View.php(216): CodeIgniter\View\View->CodeIgniter\View\{closure}()
 4 SYSTEMPATH/Common.php(1184): CodeIgniter\View\View->render('product_list', [], true)
 5 APPPATH/Controllers/Home.php(10): view('product_list')
 6 SYSTEMPATH/CodeIgniter.php(934): App\Controllers\Home->index()
 7 SYSTEMPATH/CodeIgniter.php(499): CodeIgniter\CodeIgniter->runController(Object(App\Controllers\Home))
 8 SYSTEMPATH/CodeIgniter.php(368): CodeIgniter\CodeIgniter->handleRequest(null, Object(Config\Cache), false)
 9 FCPATH/index.php(67): CodeIgniter\CodeIgniter->run()
CRITICAL - 2023-06-18 05:29:33 --> Invalid file: "product_list.php"
in SYSTEMPATH/Exceptions/FrameworkException.php on line 33.
 1 SYSTEMPATH/View/View.php(201): CodeIgniter\Exceptions\FrameworkException::forInvalidFile('product_list.php')
 2 SYSTEMPATH/Common.php(1184): CodeIgniter\View\View->render('product_list', [], true)
 3 APPPATH/Controllers/ProductController.php(20): view('product_list', [...])
 4 SYSTEMPATH/CodeIgniter.php(934): App\Controllers\ProductController->index()
 5 SYSTEMPATH/CodeIgniter.php(499): CodeIgniter\CodeIgniter->runController(Object(App\Controllers\ProductController))
 6 SYSTEMPATH/CodeIgniter.php(368): CodeIgniter\CodeIgniter->handleRequest(null, Object(Config\Cache), false)
 7 FCPATH/index.php(67): CodeIgniter\CodeIgniter->run()
CRITICAL - 2023-06-18 05:30:16 --> Array to string conversion
in APPPATH/Controllers/ProductController.php on line 20.
 1 APPPATH/Controllers/ProductController.php(20): CodeIgniter\Debug\Exceptions->errorHandler(2, 'Array to string conversion', '/Users/budspencerdev/informacion/Proyectos/www/codeigniter/app/Controllers/ProductController.php', 20)
 2 SYSTEMPATH/CodeIgniter.php(934): App\Controllers\ProductController->index()
 3 SYSTEMPATH/CodeIgniter.php(499): CodeIgniter\CodeIgniter->runController(Object(App\Controllers\ProductController))
 4 SYSTEMPATH/CodeIgniter.php(368): CodeIgniter\CodeIgniter->handleRequest(null, Object(Config\Cache), false)
 5 FCPATH/index.php(67): CodeIgniter\CodeIgniter->run()
CRITICAL - 2023-06-18 06:35:21 --> Class "App\Models\UserModel" not found
in APPPATH/Controllers/LoginController.php on line 14.
 1 SYSTEMPATH/CodeIgniter.php(906): App\Controllers\LoginController->__construct()
 2 SYSTEMPATH/CodeIgniter.php(490): CodeIgniter\CodeIgniter->createController()
 3 SYSTEMPATH/CodeIgniter.php(368): CodeIgniter\CodeIgniter->handleRequest(null, Object(Config\Cache), false)
 4 FCPATH/index.php(67): CodeIgniter\CodeIgniter->run()
CRITICAL - 2023-06-18 06:36:19 --> Class "App\Models\UserModel" not found
in APPPATH/Controllers/LoginController.php on line 14.
 1 SYSTEMPATH/CodeIgniter.php(906): App\Controllers\LoginController->__construct()
 2 SYSTEMPATH/CodeIgniter.php(490): CodeIgniter\CodeIgniter->createController()
 3 SYSTEMPATH/CodeIgniter.php(368): CodeIgniter\CodeIgniter->handleRequest(null, Object(Config\Cache), false)
 4 FCPATH/index.php(67): CodeIgniter\CodeIgniter->run()
CRITICAL - 2023-06-18 06:36:20 --> Class "App\Models\UserModel" not found
in APPPATH/Controllers/LoginController.php on line 14.
 1 SYSTEMPATH/CodeIgniter.php(906): App\Controllers\LoginController->__construct()
 2 SYSTEMPATH/CodeIgniter.php(490): CodeIgniter\CodeIgniter->createController()
 3 SYSTEMPATH/CodeIgniter.php(368): CodeIgniter\CodeIgniter->handleRequest(null, Object(Config\Cache), false)
 4 FCPATH/index.php(67): CodeIgniter\CodeIgniter->run()
CRITICAL - 2023-06-18 06:36:20 --> Class "App\Models\UserModel" not found
in APPPATH/Controllers/LoginController.php on line 14.
 1 SYSTEMPATH/CodeIgniter.php(906): App\Controllers\LoginController->__construct()
 2 SYSTEMPATH/CodeIgniter.php(490): CodeIgniter\CodeIgniter->createController()
 3 SYSTEMPATH/CodeIgniter.php(368): CodeIgniter\CodeIgniter->handleRequest(null, Object(Config\Cache), false)
 4 FCPATH/index.php(67): CodeIgniter\CodeIgniter->run()
CRITICAL - 2023-06-18 06:36:20 --> Class "App\Models\UserModel" not found
in APPPATH/Controllers/LoginController.php on line 14.
 1 SYSTEMPATH/CodeIgniter.php(906): App\Controllers\LoginController->__construct()
 2 SYSTEMPATH/CodeIgniter.php(490): CodeIgniter\CodeIgniter->createController()
 3 SYSTEMPATH/CodeIgniter.php(368): CodeIgniter\CodeIgniter->handleRequest(null, Object(Config\Cache), false)
 4 FCPATH/index.php(67): CodeIgniter\CodeIgniter->run()
CRITICAL - 2023-06-18 06:36:24 --> Class "App\Models\UserModel" not found
in APPPATH/Controllers/LoginController.php on line 14.
 1 SYSTEMPATH/CodeIgniter.php(906): App\Controllers\LoginController->__construct()
 2 SYSTEMPATH/CodeIgniter.php(490): CodeIgniter\CodeIgniter->createController()
 3 SYSTEMPATH/CodeIgniter.php(368): CodeIgniter\CodeIgniter->handleRequest(null, Object(Config\Cache), false)
 4 FCPATH/index.php(67): CodeIgniter\CodeIgniter->run()
CRITICAL - 2023-06-18 06:37:00 --> Class "App\Controllers\LoginModel" not found
in APPPATH/Controllers/LoginController.php on line 14.
 1 SYSTEMPATH/CodeIgniter.php(906): App\Controllers\LoginController->__construct()
 2 SYSTEMPATH/CodeIgniter.php(490): CodeIgniter\CodeIgniter->createController()
 3 SYSTEMPATH/CodeIgniter.php(368): CodeIgniter\CodeIgniter->handleRequest(null, Object(Config\Cache), false)
 4 FCPATH/index.php(67): CodeIgniter\CodeIgniter->run()
CRITICAL - 2023-06-18 06:37:00 --> Class "App\Controllers\LoginModel" not found
in APPPATH/Controllers/LoginController.php on line 14.
 1 SYSTEMPATH/CodeIgniter.php(906): App\Controllers\LoginController->__construct()
 2 SYSTEMPATH/CodeIgniter.php(490): CodeIgniter\CodeIgniter->createController()
 3 SYSTEMPATH/CodeIgniter.php(368): CodeIgniter\CodeIgniter->handleRequest(null, Object(Config\Cache), false)
 4 FCPATH/index.php(67): CodeIgniter\CodeIgniter->run()
CRITICAL - 2023-06-18 06:37:03 --> Class "App\Controllers\LoginModel" not found
in APPPATH/Controllers/LoginController.php on line 14.
 1 SYSTEMPATH/CodeIgniter.php(906): App\Controllers\LoginController->__construct()
 2 SYSTEMPATH/CodeIgniter.php(490): CodeIgniter\CodeIgniter->createController()
 3 SYSTEMPATH/CodeIgniter.php(368): CodeIgniter\CodeIgniter->handleRequest(null, Object(Config\Cache), false)
 4 FCPATH/index.php(67): CodeIgniter\CodeIgniter->run()
CRITICAL - 2023-06-18 08:04:07 --> Undefined property: App\Controllers\LoginController::$userModel
in APPPATH/Controllers/LoginController.php on line 30.
 1 APPPATH/Controllers/LoginController.php(30): CodeIgniter\Debug\Exceptions->errorHandler(2, 'Undefined property: App\\Controllers\\LoginController::$userModel', '/Users/budspencerdev/informacion/Proyectos/www/codeigniter/app/Controllers/LoginController.php', 30)
 2 SYSTEMPATH/CodeIgniter.php(934): App\Controllers\LoginController->login()
 3 SYSTEMPATH/CodeIgniter.php(499): CodeIgniter\CodeIgniter->runController(Object(App\Controllers\LoginController))
 4 SYSTEMPATH/CodeIgniter.php(368): CodeIgniter\CodeIgniter->handleRequest(null, Object(Config\Cache), false)
 5 FCPATH/index.php(67): CodeIgniter\CodeIgniter->run()
ERROR - 2023-06-18 08:04:22 --> mysqli_sql_exception: Unknown column 'email' in 'where clause' in /Users/budspencerdev/informacion/Proyectos/www/codeigniter/system/Database/MySQLi/Connection.php:295
Stack trace:
#0 /Users/budspencerdev/informacion/Proyectos/www/codeigniter/system/Database/MySQLi/Connection.php(295): mysqli->query('SELECT *\nFROM `...', 0)
#1 /Users/budspencerdev/informacion/Proyectos/www/codeigniter/system/Database/BaseConnection.php(692): CodeIgniter\Database\MySQLi\Connection->execute('SELECT *\nFROM `...')
#2 /Users/budspencerdev/informacion/Proyectos/www/codeigniter/system/Database/BaseConnection.php(606): CodeIgniter\Database\BaseConnection->simpleQuery('SELECT *\nFROM `...')
#3 /Users/budspencerdev/informacion/Proyectos/www/codeigniter/system/Database/BaseBuilder.php(1616): CodeIgniter\Database\BaseConnection->query('SELECT *\nFROM `...', Array, false)
#4 /Users/budspencerdev/informacion/Proyectos/www/codeigniter/system/Model.php(268): CodeIgniter\Database\BaseBuilder->get()
#5 /Users/budspencerdev/informacion/Proyectos/www/codeigniter/system/BaseModel.php(656): CodeIgniter\Model->doFirst()
#6 /Users/budspencerdev/informacion/Proyectos/www/codeigniter/app/Controllers/LoginController.php(30): CodeIgniter\BaseModel->first()
#7 /Users/budspencerdev/informacion/Proyectos/www/codeigniter/system/CodeIgniter.php(934): App\Controllers\LoginController->login()
#8 /Users/budspencerdev/informacion/Proyectos/www/codeigniter/system/CodeIgniter.php(499): CodeIgniter\CodeIgniter->runController(Object(App\Controllers\LoginController))
#9 /Users/budspencerdev/informacion/Proyectos/www/codeigniter/system/CodeIgniter.php(368): CodeIgniter\CodeIgniter->handleRequest(NULL, Object(Config\Cache), false)
#10 /Users/budspencerdev/informacion/Proyectos/www/codeigniter/public/index.php(67): CodeIgniter\CodeIgniter->run()
#11 {main}
CRITICAL - 2023-06-18 08:04:22 --> Unknown column 'email' in 'where clause'
in SYSTEMPATH/Database/MySQLi/Connection.php on line 295.
 1 SYSTEMPATH/Database/MySQLi/Connection.php(295): mysqli->query('SELECT *
FROM `usuario`
WHERE `email` = \'sdasdasd\'
 LIMIT 1', 0)
 2 SYSTEMPATH/Database/BaseConnection.php(692): CodeIgniter\Database\MySQLi\Connection->execute('SELECT *
FROM `usuario`
WHERE `email` = \'sdasdasd\'
 LIMIT 1')
 3 SYSTEMPATH/Database/BaseConnection.php(606): CodeIgniter\Database\BaseConnection->simpleQuery('SELECT *
FROM `usuario`
WHERE `email` = \'sdasdasd\'
 LIMIT 1')
 4 SYSTEMPATH/Database/BaseBuilder.php(1616): CodeIgniter\Database\BaseConnection->query('SELECT *
FROM `usuario`
WHERE `email` = :email:
 LIMIT 1', [...], false)
 5 SYSTEMPATH/Model.php(268): CodeIgniter\Database\BaseBuilder->get()
 6 SYSTEMPATH/BaseModel.php(656): CodeIgniter\Model->doFirst()
 7 APPPATH/Controllers/LoginController.php(30): CodeIgniter\BaseModel->first()
 8 SYSTEMPATH/CodeIgniter.php(934): App\Controllers\LoginController->login()
 9 SYSTEMPATH/CodeIgniter.php(499): CodeIgniter\CodeIgniter->runController(Object(App\Controllers\LoginController))
10 SYSTEMPATH/CodeIgniter.php(368): CodeIgniter\CodeIgniter->handleRequest(null, Object(Config\Cache), false)
11 FCPATH/index.php(67): CodeIgniter\CodeIgniter->run()
ERROR - 2023-06-18 08:04:23 --> mysqli_sql_exception: Unknown column 'email' in 'where clause' in /Users/budspencerdev/informacion/Proyectos/www/codeigniter/system/Database/MySQLi/Connection.php:295
Stack trace:
#0 /Users/budspencerdev/informacion/Proyectos/www/codeigniter/system/Database/MySQLi/Connection.php(295): mysqli->query('SELECT *\nFROM `...', 0)
#1 /Users/budspencerdev/informacion/Proyectos/www/codeigniter/system/Database/BaseConnection.php(692): CodeIgniter\Database\MySQLi\Connection->execute('SELECT *\nFROM `...')
#2 /Users/budspencerdev/informacion/Proyectos/www/codeigniter/system/Database/BaseConnection.php(606): CodeIgniter\Database\BaseConnection->simpleQuery('SELECT *\nFROM `...')
#3 /Users/budspencerdev/informacion/Proyectos/www/codeigniter/system/Database/BaseBuilder.php(1616): CodeIgniter\Database\BaseConnection->query('SELECT *\nFROM `...', Array, false)
#4 /Users/budspencerdev/informacion/Proyectos/www/codeigniter/system/Model.php(268): CodeIgniter\Database\BaseBuilder->get()
#5 /Users/budspencerdev/informacion/Proyectos/www/codeigniter/system/BaseModel.php(656): CodeIgniter\Model->doFirst()
#6 /Users/budspencerdev/informacion/Proyectos/www/codeigniter/app/Controllers/LoginController.php(30): CodeIgniter\BaseModel->first()
#7 /Users/budspencerdev/informacion/Proyectos/www/codeigniter/system/CodeIgniter.php(934): App\Controllers\LoginController->login()
#8 /Users/budspencerdev/informacion/Proyectos/www/codeigniter/system/CodeIgniter.php(499): CodeIgniter\CodeIgniter->runController(Object(App\Controllers\LoginController))
#9 /Users/budspencerdev/informacion/Proyectos/www/codeigniter/system/CodeIgniter.php(368): CodeIgniter\CodeIgniter->handleRequest(NULL, Object(Config\Cache), false)
#10 /Users/budspencerdev/informacion/Proyectos/www/codeigniter/public/index.php(67): CodeIgniter\CodeIgniter->run()
#11 {main}
CRITICAL - 2023-06-18 08:04:23 --> Unknown column 'email' in 'where clause'
in SYSTEMPATH/Database/MySQLi/Connection.php on line 295.
 1 SYSTEMPATH/Database/MySQLi/Connection.php(295): mysqli->query('SELECT *
FROM `usuario`
WHERE `email` = \'sdasdasd\'
 LIMIT 1', 0)
 2 SYSTEMPATH/Database/BaseConnection.php(692): CodeIgniter\Database\MySQLi\Connection->execute('SELECT *
FROM `usuario`
WHERE `email` = \'sdasdasd\'
 LIMIT 1')
 3 SYSTEMPATH/Database/BaseConnection.php(606): CodeIgniter\Database\BaseConnection->simpleQuery('SELECT *
FROM `usuario`
WHERE `email` = \'sdasdasd\'
 LIMIT 1')
 4 SYSTEMPATH/Database/BaseBuilder.php(1616): CodeIgniter\Database\BaseConnection->query('SELECT *
FROM `usuario`
WHERE `email` = :email:
 LIMIT 1', [...], false)
 5 SYSTEMPATH/Model.php(268): CodeIgniter\Database\BaseBuilder->get()
 6 SYSTEMPATH/BaseModel.php(656): CodeIgniter\Model->doFirst()
 7 APPPATH/Controllers/LoginController.php(30): CodeIgniter\BaseModel->first()
 8 SYSTEMPATH/CodeIgniter.php(934): App\Controllers\LoginController->login()
 9 SYSTEMPATH/CodeIgniter.php(499): CodeIgniter\CodeIgniter->runController(Object(App\Controllers\LoginController))
10 SYSTEMPATH/CodeIgniter.php(368): CodeIgniter\CodeIgniter->handleRequest(null, Object(Config\Cache), false)
11 FCPATH/index.php(67): CodeIgniter\CodeIgniter->run()
ERROR - 2023-06-18 08:04:27 --> mysqli_sql_exception: Unknown column 'email' in 'where clause' in /Users/budspencerdev/informacion/Proyectos/www/codeigniter/system/Database/MySQLi/Connection.php:295
Stack trace:
#0 /Users/budspencerdev/informacion/Proyectos/www/codeigniter/system/Database/MySQLi/Connection.php(295): mysqli->query('SELECT *\nFROM `...', 0)
#1 /Users/budspencerdev/informacion/Proyectos/www/codeigniter/system/Database/BaseConnection.php(692): CodeIgniter\Database\MySQLi\Connection->execute('SELECT *\nFROM `...')
#2 /Users/budspencerdev/informacion/Proyectos/www/codeigniter/system/Database/BaseConnection.php(606): CodeIgniter\Database\BaseConnection->simpleQuery('SELECT *\nFROM `...')
#3 /Users/budspencerdev/informacion/Proyectos/www/codeigniter/system/Database/BaseBuilder.php(1616): CodeIgniter\Database\BaseConnection->query('SELECT *\nFROM `...', Array, false)
#4 /Users/budspencerdev/informacion/Proyectos/www/codeigniter/system/Model.php(268): CodeIgniter\Database\BaseBuilder->get()
#5 /Users/budspencerdev/informacion/Proyectos/www/codeigniter/system/BaseModel.php(656): CodeIgniter\Model->doFirst()
#6 /Users/budspencerdev/informacion/Proyectos/www/codeigniter/app/Controllers/LoginController.php(30): CodeIgniter\BaseModel->first()
#7 /Users/budspencerdev/informacion/Proyectos/www/codeigniter/system/CodeIgniter.php(934): App\Controllers\LoginController->login()
#8 /Users/budspencerdev/informacion/Proyectos/www/codeigniter/system/CodeIgniter.php(499): CodeIgniter\CodeIgniter->runController(Object(App\Controllers\LoginController))
#9 /Users/budspencerdev/informacion/Proyectos/www/codeigniter/system/CodeIgniter.php(368): CodeIgniter\CodeIgniter->handleRequest(NULL, Object(Config\Cache), false)
#10 /Users/budspencerdev/informacion/Proyectos/www/codeigniter/public/index.php(67): CodeIgniter\CodeIgniter->run()
#11 {main}
CRITICAL - 2023-06-18 08:04:27 --> Unknown column 'email' in 'where clause'
in SYSTEMPATH/Database/MySQLi/Connection.php on line 295.
 1 SYSTEMPATH/Database/MySQLi/Connection.php(295): mysqli->query('SELECT *
FROM `usuario`
WHERE `email` = \'aaaa\'
 LIMIT 1', 0)
 2 SYSTEMPATH/Database/BaseConnection.php(692): CodeIgniter\Database\MySQLi\Connection->execute('SELECT *
FROM `usuario`
WHERE `email` = \'aaaa\'
 LIMIT 1')
 3 SYSTEMPATH/Database/BaseConnection.php(606): CodeIgniter\Database\BaseConnection->simpleQuery('SELECT *
FROM `usuario`
WHERE `email` = \'aaaa\'
 LIMIT 1')
 4 SYSTEMPATH/Database/BaseBuilder.php(1616): CodeIgniter\Database\BaseConnection->query('SELECT *
FROM `usuario`
WHERE `email` = :email:
 LIMIT 1', [...], false)
 5 SYSTEMPATH/Model.php(268): CodeIgniter\Database\BaseBuilder->get()
 6 SYSTEMPATH/BaseModel.php(656): CodeIgniter\Model->doFirst()
 7 APPPATH/Controllers/LoginController.php(30): CodeIgniter\BaseModel->first()
 8 SYSTEMPATH/CodeIgniter.php(934): App\Controllers\LoginController->login()
 9 SYSTEMPATH/CodeIgniter.php(499): CodeIgniter\CodeIgniter->runController(Object(App\Controllers\LoginController))
10 SYSTEMPATH/CodeIgniter.php(368): CodeIgniter\CodeIgniter->handleRequest(null, Object(Config\Cache), false)
11 FCPATH/index.php(67): CodeIgniter\CodeIgniter->run()
CRITICAL - 2023-06-18 08:05:33 --> Array to string conversion
in APPPATH/Controllers/LoginController.php on line 32.
 1 APPPATH/Controllers/LoginController.php(32): CodeIgniter\Debug\Exceptions->errorHandler(2, 'Array to string conversion', '/Users/budspencerdev/informacion/Proyectos/www/codeigniter/app/Controllers/LoginController.php', 32)
 2 SYSTEMPATH/CodeIgniter.php(934): App\Controllers\LoginController->login()
 3 SYSTEMPATH/CodeIgniter.php(499): CodeIgniter\CodeIgniter->runController(Object(App\Controllers\LoginController))
 4 SYSTEMPATH/CodeIgniter.php(368): CodeIgniter\CodeIgniter->handleRequest(null, Object(Config\Cache), false)
 5 FCPATH/index.php(67): CodeIgniter\CodeIgniter->run()
CRITICAL - 2023-06-18 08:06:26 --> Array to string conversion
in APPPATH/Controllers/LoginController.php on line 29.
 1 APPPATH/Controllers/LoginController.php(29): CodeIgniter\Debug\Exceptions->errorHandler(2, 'Array to string conversion', '/Users/budspencerdev/informacion/Proyectos/www/codeigniter/app/Controllers/LoginController.php', 29)
 2 SYSTEMPATH/CodeIgniter.php(934): App\Controllers\LoginController->login()
 3 SYSTEMPATH/CodeIgniter.php(499): CodeIgniter\CodeIgniter->runController(Object(App\Controllers\LoginController))
 4 SYSTEMPATH/CodeIgniter.php(368): CodeIgniter\CodeIgniter->handleRequest(null, Object(Config\Cache), false)
 5 FCPATH/index.php(67): CodeIgniter\CodeIgniter->run()
CRITICAL - 2023-06-18 08:06:27 --> Array to string conversion
in APPPATH/Controllers/LoginController.php on line 29.
 1 APPPATH/Controllers/LoginController.php(29): CodeIgniter\Debug\Exceptions->errorHandler(2, 'Array to string conversion', '/Users/budspencerdev/informacion/Proyectos/www/codeigniter/app/Controllers/LoginController.php', 29)
 2 SYSTEMPATH/CodeIgniter.php(934): App\Controllers\LoginController->login()
 3 SYSTEMPATH/CodeIgniter.php(499): CodeIgniter\CodeIgniter->runController(Object(App\Controllers\LoginController))
 4 SYSTEMPATH/CodeIgniter.php(368): CodeIgniter\CodeIgniter->handleRequest(null, Object(Config\Cache), false)
 5 FCPATH/index.php(67): CodeIgniter\CodeIgniter->run()
CRITICAL - 2023-06-18 08:06:27 --> Array to string conversion
in APPPATH/Controllers/LoginController.php on line 29.
 1 APPPATH/Controllers/LoginController.php(29): CodeIgniter\Debug\Exceptions->errorHandler(2, 'Array to string conversion', '/Users/budspencerdev/informacion/Proyectos/www/codeigniter/app/Controllers/LoginController.php', 29)
 2 SYSTEMPATH/CodeIgniter.php(934): App\Controllers\LoginController->login()
 3 SYSTEMPATH/CodeIgniter.php(499): CodeIgniter\CodeIgniter->runController(Object(App\Controllers\LoginController))
 4 SYSTEMPATH/CodeIgniter.php(368): CodeIgniter\CodeIgniter->handleRequest(null, Object(Config\Cache), false)
 5 FCPATH/index.php(67): CodeIgniter\CodeIgniter->run()
CRITICAL - 2023-06-18 08:06:31 --> Trying to access array offset on value of type null
in APPPATH/Controllers/LoginController.php on line 30.
 1 APPPATH/Controllers/LoginController.php(30): CodeIgniter\Debug\Exceptions->errorHandler(2, 'Trying to access array offset on value of type null', '/Users/budspencerdev/informacion/Proyectos/www/codeigniter/app/Controllers/LoginController.php', 30)
 2 SYSTEMPATH/CodeIgniter.php(934): App\Controllers\LoginController->login()
 3 SYSTEMPATH/CodeIgniter.php(499): CodeIgniter\CodeIgniter->runController(Object(App\Controllers\LoginController))
 4 SYSTEMPATH/CodeIgniter.php(368): CodeIgniter\CodeIgniter->handleRequest(null, Object(Config\Cache), false)
 5 FCPATH/index.php(67): CodeIgniter\CodeIgniter->run()
CRITICAL - 2023-06-18 08:06:51 --> Trying to access array offset on value of type null
in APPPATH/Controllers/LoginController.php on line 30.
 1 APPPATH/Controllers/LoginController.php(30): CodeIgniter\Debug\Exceptions->errorHandler(2, 'Trying to access array offset on value of type null', '/Users/budspencerdev/informacion/Proyectos/www/codeigniter/app/Controllers/LoginController.php', 30)
 2 SYSTEMPATH/CodeIgniter.php(934): App\Controllers\LoginController->login()
 3 SYSTEMPATH/CodeIgniter.php(499): CodeIgniter\CodeIgniter->runController(Object(App\Controllers\LoginController))
 4 SYSTEMPATH/CodeIgniter.php(368): CodeIgniter\CodeIgniter->handleRequest(null, Object(Config\Cache), false)
 5 FCPATH/index.php(67): CodeIgniter\CodeIgniter->run()
CRITICAL - 2023-06-18 08:10:50 --> Trying to access array offset on value of type null
in APPPATH/Controllers/LoginController.php on line 30.
 1 APPPATH/Controllers/LoginController.php(30): CodeIgniter\Debug\Exceptions->errorHandler(2, 'Trying to access array offset on value of type null', '/Users/budspencerdev/informacion/Proyectos/www/codeigniter/app/Controllers/LoginController.php', 30)
 2 SYSTEMPATH/CodeIgniter.php(934): App\Controllers\LoginController->login()
 3 SYSTEMPATH/CodeIgniter.php(499): CodeIgniter\CodeIgniter->runController(Object(App\Controllers\LoginController))
 4 SYSTEMPATH/CodeIgniter.php(368): CodeIgniter\CodeIgniter->handleRequest(null, Object(Config\Cache), false)
 5 FCPATH/index.php(67): CodeIgniter\CodeIgniter->run()
CRITICAL - 2023-06-18 08:29:12 --> Class "App\Controllers\ClienteModel" not found
in APPPATH/Controllers/RecargaController.php on line 14.
 1 SYSTEMPATH/CodeIgniter.php(906): App\Controllers\RecargaController->__construct()
 2 SYSTEMPATH/CodeIgniter.php(490): CodeIgniter\CodeIgniter->createController()
 3 SYSTEMPATH/CodeIgniter.php(368): CodeIgniter\CodeIgniter->handleRequest(null, Object(Config\Cache), false)
 4 FCPATH/index.php(67): CodeIgniter\CodeIgniter->run()
CRITICAL - 2023-06-18 08:30:00 --> Class "App\Controllers\ClienteModel" not found
in APPPATH/Controllers/RecargaController.php on line 14.
 1 SYSTEMPATH/CodeIgniter.php(906): App\Controllers\RecargaController->__construct()
 2 SYSTEMPATH/CodeIgniter.php(490): CodeIgniter\CodeIgniter->createController()
 3 SYSTEMPATH/CodeIgniter.php(368): CodeIgniter\CodeIgniter->handleRequest(null, Object(Config\Cache), false)
 4 FCPATH/index.php(67): CodeIgniter\CodeIgniter->run()
CRITICAL - 2023-06-18 08:30:05 --> Class "App\Controllers\ClienteModel" not found
in APPPATH/Controllers/RecargaController.php on line 14.
 1 SYSTEMPATH/CodeIgniter.php(906): App\Controllers\RecargaController->__construct()
 2 SYSTEMPATH/CodeIgniter.php(490): CodeIgniter\CodeIgniter->createController()
 3 SYSTEMPATH/CodeIgniter.php(368): CodeIgniter\CodeIgniter->handleRequest(null, Object(Config\Cache), false)
 4 FCPATH/index.php(67): CodeIgniter\CodeIgniter->run()
CRITICAL - 2023-06-18 08:30:06 --> Class "App\Controllers\ClienteModel" not found
in APPPATH/Controllers/RecargaController.php on line 14.
 1 SYSTEMPATH/CodeIgniter.php(906): App\Controllers\RecargaController->__construct()
 2 SYSTEMPATH/CodeIgniter.php(490): CodeIgniter\CodeIgniter->createController()
 3 SYSTEMPATH/CodeIgniter.php(368): CodeIgniter\CodeIgniter->handleRequest(null, Object(Config\Cache), false)
 4 FCPATH/index.php(67): CodeIgniter\CodeIgniter->run()
CRITICAL - 2023-06-18 08:30:26 --> Class "App\Controllers\ClienteModel" not found
in APPPATH/Controllers/RecargaController.php on line 14.
 1 SYSTEMPATH/CodeIgniter.php(906): App\Controllers\RecargaController->__construct()
 2 SYSTEMPATH/CodeIgniter.php(490): CodeIgniter\CodeIgniter->createController()
 3 SYSTEMPATH/CodeIgniter.php(368): CodeIgniter\CodeIgniter->handleRequest(null, Object(Config\Cache), false)
 4 FCPATH/index.php(67): CodeIgniter\CodeIgniter->run()
CRITICAL - 2023-06-18 08:30:27 --> Class "App\Controllers\ClienteModel" not found
in APPPATH/Controllers/RecargaController.php on line 14.
 1 SYSTEMPATH/CodeIgniter.php(906): App\Controllers\RecargaController->__construct()
 2 SYSTEMPATH/CodeIgniter.php(490): CodeIgniter\CodeIgniter->createController()
 3 SYSTEMPATH/CodeIgniter.php(368): CodeIgniter\CodeIgniter->handleRequest(null, Object(Config\Cache), false)
 4 FCPATH/index.php(67): CodeIgniter\CodeIgniter->run()
CRITICAL - 2023-06-18 08:30:27 --> Class "App\Controllers\ClienteModel" not found
in APPPATH/Controllers/RecargaController.php on line 14.
 1 SYSTEMPATH/CodeIgniter.php(906): App\Controllers\RecargaController->__construct()
 2 SYSTEMPATH/CodeIgniter.php(490): CodeIgniter\CodeIgniter->createController()
 3 SYSTEMPATH/CodeIgniter.php(368): CodeIgniter\CodeIgniter->handleRequest(null, Object(Config\Cache), false)
 4 FCPATH/index.php(67): CodeIgniter\CodeIgniter->run()
CRITICAL - 2023-06-18 08:30:51 --> Undefined constant "App\Controllers\clientes"
in APPPATH/Controllers/RecargaController.php on line 20.
 1 SYSTEMPATH/CodeIgniter.php(934): App\Controllers\RecargaController->index()
 2 SYSTEMPATH/CodeIgniter.php(499): CodeIgniter\CodeIgniter->runController(Object(App\Controllers\RecargaController))
 3 SYSTEMPATH/CodeIgniter.php(368): CodeIgniter\CodeIgniter->handleRequest(null, Object(Config\Cache), false)
 4 FCPATH/index.php(67): CodeIgniter\CodeIgniter->run()
CRITICAL - 2023-06-18 08:31:00 --> Undefined constant "App\Controllers\clientes"
in APPPATH/Controllers/RecargaController.php on line 20.
 1 SYSTEMPATH/CodeIgniter.php(934): App\Controllers\RecargaController->index()
 2 SYSTEMPATH/CodeIgniter.php(499): CodeIgniter\CodeIgniter->runController(Object(App\Controllers\RecargaController))
 3 SYSTEMPATH/CodeIgniter.php(368): CodeIgniter\CodeIgniter->handleRequest(null, Object(Config\Cache), false)
 4 FCPATH/index.php(67): CodeIgniter\CodeIgniter->run()
CRITICAL - 2023-06-18 08:31:01 --> Undefined constant "App\Controllers\clientes"
in APPPATH/Controllers/RecargaController.php on line 20.
 1 SYSTEMPATH/CodeIgniter.php(934): App\Controllers\RecargaController->index()
 2 SYSTEMPATH/CodeIgniter.php(499): CodeIgniter\CodeIgniter->runController(Object(App\Controllers\RecargaController))
 3 SYSTEMPATH/CodeIgniter.php(368): CodeIgniter\CodeIgniter->handleRequest(null, Object(Config\Cache), false)
 4 FCPATH/index.php(67): CodeIgniter\CodeIgniter->run()
CRITICAL - 2023-06-18 08:31:01 --> Undefined constant "App\Controllers\clientes"
in APPPATH/Controllers/RecargaController.php on line 20.
 1 SYSTEMPATH/CodeIgniter.php(934): App\Controllers\RecargaController->index()
 2 SYSTEMPATH/CodeIgniter.php(499): CodeIgniter\CodeIgniter->runController(Object(App\Controllers\RecargaController))
 3 SYSTEMPATH/CodeIgniter.php(368): CodeIgniter\CodeIgniter->handleRequest(null, Object(Config\Cache), false)
 4 FCPATH/index.php(67): CodeIgniter\CodeIgniter->run()
CRITICAL - 2023-06-18 08:35:38 --> Undefined variable $product
in APPPATH/Views/listado.php on line 20.
 1 APPPATH/Views/listado.php(20): CodeIgniter\Debug\Exceptions->errorHandler(2, 'Undefined variable $product', '/Users/budspencerdev/informacion/Proyectos/www/codeigniter/app/Views/listado.php', 20)
 2 SYSTEMPATH/View/View.php(213): include('/Users/budspencerdev/informacion/Proyectos/www/codeigniter/app/Views/listado.php')
 3 SYSTEMPATH/View/View.php(216): CodeIgniter\View\View->CodeIgniter\View\{closure}()
 4 SYSTEMPATH/Common.php(1184): CodeIgniter\View\View->render('listado', [], true)
 5 APPPATH/Controllers/RecargaController.php(22): view('listado', [...])
 6 SYSTEMPATH/CodeIgniter.php(934): App\Controllers\RecargaController->index()
 7 SYSTEMPATH/CodeIgniter.php(499): CodeIgniter\CodeIgniter->runController(Object(App\Controllers\RecargaController))
 8 SYSTEMPATH/CodeIgniter.php(368): CodeIgniter\CodeIgniter->handleRequest(null, Object(Config\Cache), false)
 9 FCPATH/index.php(67): CodeIgniter\CodeIgniter->run()
CRITICAL - 2023-06-18 08:36:00 --> Undefined variable $product
in APPPATH/Views/listado.php on line 20.
 1 APPPATH/Views/listado.php(20): CodeIgniter\Debug\Exceptions->errorHandler(2, 'Undefined variable $product', '/Users/budspencerdev/informacion/Proyectos/www/codeigniter/app/Views/listado.php', 20)
 2 SYSTEMPATH/View/View.php(213): include('/Users/budspencerdev/informacion/Proyectos/www/codeigniter/app/Views/listado.php')
 3 SYSTEMPATH/View/View.php(216): CodeIgniter\View\View->CodeIgniter\View\{closure}()
 4 SYSTEMPATH/Common.php(1184): CodeIgniter\View\View->render('listado', [], true)
 5 APPPATH/Controllers/RecargaController.php(22): view('listado', [...])
 6 SYSTEMPATH/CodeIgniter.php(934): App\Controllers\RecargaController->index()
 7 SYSTEMPATH/CodeIgniter.php(499): CodeIgniter\CodeIgniter->runController(Object(App\Controllers\RecargaController))
 8 SYSTEMPATH/CodeIgniter.php(368): CodeIgniter\CodeIgniter->handleRequest(null, Object(Config\Cache), false)
 9 FCPATH/index.php(67): CodeIgniter\CodeIgniter->run()
CRITICAL - 2023-06-18 08:36:10 --> Undefined variable $product
in APPPATH/Views/listado.php on line 20.
 1 APPPATH/Views/listado.php(20): CodeIgniter\Debug\Exceptions->errorHandler(2, 'Undefined variable $product', '/Users/budspencerdev/informacion/Proyectos/www/codeigniter/app/Views/listado.php', 20)
 2 SYSTEMPATH/View/View.php(213): include('/Users/budspencerdev/informacion/Proyectos/www/codeigniter/app/Views/listado.php')
 3 SYSTEMPATH/View/View.php(216): CodeIgniter\View\View->CodeIgniter\View\{closure}()
 4 SYSTEMPATH/Common.php(1184): CodeIgniter\View\View->render('listado', [], true)
 5 APPPATH/Controllers/RecargaController.php(22): view('listado', [...])
 6 SYSTEMPATH/CodeIgniter.php(934): App\Controllers\RecargaController->index()
 7 SYSTEMPATH/CodeIgniter.php(499): CodeIgniter\CodeIgniter->runController(Object(App\Controllers\RecargaController))
 8 SYSTEMPATH/CodeIgniter.php(368): CodeIgniter\CodeIgniter->handleRequest(null, Object(Config\Cache), false)
 9 FCPATH/index.php(67): CodeIgniter\CodeIgniter->run()
CRITICAL - 2023-06-18 08:36:33 --> Undefined variable $product
in APPPATH/Views/listado.php on line 20.
 1 APPPATH/Views/listado.php(20): CodeIgniter\Debug\Exceptions->errorHandler(2, 'Undefined variable $product', '/Users/budspencerdev/informacion/Proyectos/www/codeigniter/app/Views/listado.php', 20)
 2 SYSTEMPATH/View/View.php(213): include('/Users/budspencerdev/informacion/Proyectos/www/codeigniter/app/Views/listado.php')
 3 SYSTEMPATH/View/View.php(216): CodeIgniter\View\View->CodeIgniter\View\{closure}()
 4 SYSTEMPATH/Common.php(1184): CodeIgniter\View\View->render('listado', [], true)
 5 APPPATH/Controllers/RecargaController.php(22): view('listado', [...])
 6 SYSTEMPATH/CodeIgniter.php(934): App\Controllers\RecargaController->index()
 7 SYSTEMPATH/CodeIgniter.php(499): CodeIgniter\CodeIgniter->runController(Object(App\Controllers\RecargaController))
 8 SYSTEMPATH/CodeIgniter.php(368): CodeIgniter\CodeIgniter->handleRequest(null, Object(Config\Cache), false)
 9 FCPATH/index.php(67): CodeIgniter\CodeIgniter->run()
CRITICAL - 2023-06-18 08:37:16 --> Undefined variable $product
in APPPATH/Views/listado.php on line 20.
 1 APPPATH/Views/listado.php(20): CodeIgniter\Debug\Exceptions->errorHandler(2, 'Undefined variable $product', '/Users/budspencerdev/informacion/Proyectos/www/codeigniter/app/Views/listado.php', 20)
 2 SYSTEMPATH/View/View.php(213): include('/Users/budspencerdev/informacion/Proyectos/www/codeigniter/app/Views/listado.php')
 3 SYSTEMPATH/View/View.php(216): CodeIgniter\View\View->CodeIgniter\View\{closure}()
 4 SYSTEMPATH/Common.php(1184): CodeIgniter\View\View->render('listado', [], true)
 5 APPPATH/Controllers/RecargaController.php(22): view('listado', [...])
 6 SYSTEMPATH/CodeIgniter.php(934): App\Controllers\RecargaController->index()
 7 SYSTEMPATH/CodeIgniter.php(499): CodeIgniter\CodeIgniter->runController(Object(App\Controllers\RecargaController))
 8 SYSTEMPATH/CodeIgniter.php(368): CodeIgniter\CodeIgniter->handleRequest(null, Object(Config\Cache), false)
 9 FCPATH/index.php(67): CodeIgniter\CodeIgniter->run()
CRITICAL - 2023-06-18 08:37:16 --> Undefined variable $product
in APPPATH/Views/listado.php on line 20.
 1 APPPATH/Views/listado.php(20): CodeIgniter\Debug\Exceptions->errorHandler(2, 'Undefined variable $product', '/Users/budspencerdev/informacion/Proyectos/www/codeigniter/app/Views/listado.php', 20)
 2 SYSTEMPATH/View/View.php(213): include('/Users/budspencerdev/informacion/Proyectos/www/codeigniter/app/Views/listado.php')
 3 SYSTEMPATH/View/View.php(216): CodeIgniter\View\View->CodeIgniter\View\{closure}()
 4 SYSTEMPATH/Common.php(1184): CodeIgniter\View\View->render('listado', [], true)
 5 APPPATH/Controllers/RecargaController.php(22): view('listado', [...])
 6 SYSTEMPATH/CodeIgniter.php(934): App\Controllers\RecargaController->index()
 7 SYSTEMPATH/CodeIgniter.php(499): CodeIgniter\CodeIgniter->runController(Object(App\Controllers\RecargaController))
 8 SYSTEMPATH/CodeIgniter.php(368): CodeIgniter\CodeIgniter->handleRequest(null, Object(Config\Cache), false)
 9 FCPATH/index.php(67): CodeIgniter\CodeIgniter->run()
CRITICAL - 2023-06-18 08:37:16 --> Undefined variable $product
in APPPATH/Views/listado.php on line 20.
 1 APPPATH/Views/listado.php(20): CodeIgniter\Debug\Exceptions->errorHandler(2, 'Undefined variable $product', '/Users/budspencerdev/informacion/Proyectos/www/codeigniter/app/Views/listado.php', 20)
 2 SYSTEMPATH/View/View.php(213): include('/Users/budspencerdev/informacion/Proyectos/www/codeigniter/app/Views/listado.php')
 3 SYSTEMPATH/View/View.php(216): CodeIgniter\View\View->CodeIgniter\View\{closure}()
 4 SYSTEMPATH/Common.php(1184): CodeIgniter\View\View->render('listado', [], true)
 5 APPPATH/Controllers/RecargaController.php(22): view('listado', [...])
 6 SYSTEMPATH/CodeIgniter.php(934): App\Controllers\RecargaController->index()
 7 SYSTEMPATH/CodeIgniter.php(499): CodeIgniter\CodeIgniter->runController(Object(App\Controllers\RecargaController))
 8 SYSTEMPATH/CodeIgniter.php(368): CodeIgniter\CodeIgniter->handleRequest(null, Object(Config\Cache), false)
 9 FCPATH/index.php(67): CodeIgniter\CodeIgniter->run()
CRITICAL - 2023-06-18 08:37:16 --> Undefined variable $product
in APPPATH/Views/listado.php on line 20.
 1 APPPATH/Views/listado.php(20): CodeIgniter\Debug\Exceptions->errorHandler(2, 'Undefined variable $product', '/Users/budspencerdev/informacion/Proyectos/www/codeigniter/app/Views/listado.php', 20)
 2 SYSTEMPATH/View/View.php(213): include('/Users/budspencerdev/informacion/Proyectos/www/codeigniter/app/Views/listado.php')
 3 SYSTEMPATH/View/View.php(216): CodeIgniter\View\View->CodeIgniter\View\{closure}()
 4 SYSTEMPATH/Common.php(1184): CodeIgniter\View\View->render('listado', [], true)
 5 APPPATH/Controllers/RecargaController.php(22): view('listado', [...])
 6 SYSTEMPATH/CodeIgniter.php(934): App\Controllers\RecargaController->index()
 7 SYSTEMPATH/CodeIgniter.php(499): CodeIgniter\CodeIgniter->runController(Object(App\Controllers\RecargaController))
 8 SYSTEMPATH/CodeIgniter.php(368): CodeIgniter\CodeIgniter->handleRequest(null, Object(Config\Cache), false)
 9 FCPATH/index.php(67): CodeIgniter\CodeIgniter->run()
CRITICAL - 2023-06-18 09:05:02 --> Undefined variable $pager
in APPPATH/Views/listado.php on line 37.
 1 APPPATH/Views/listado.php(37): CodeIgniter\Debug\Exceptions->errorHandler(2, 'Undefined variable $pager', '/Users/budspencerdev/informacion/Proyectos/www/codeigniter/app/Views/listado.php', 37)
 2 SYSTEMPATH/View/View.php(213): include('/Users/budspencerdev/informacion/Proyectos/www/codeigniter/app/Views/listado.php')
 3 SYSTEMPATH/View/View.php(216): CodeIgniter\View\View->CodeIgniter\View\{closure}()
 4 SYSTEMPATH/Common.php(1184): CodeIgniter\View\View->render('listado', [], true)
 5 APPPATH/Controllers/RecargaController.php(22): view('listado', [...])
 6 SYSTEMPATH/CodeIgniter.php(934): App\Controllers\RecargaController->index()
 7 SYSTEMPATH/CodeIgniter.php(499): CodeIgniter\CodeIgniter->runController(Object(App\Controllers\RecargaController))
 8 SYSTEMPATH/CodeIgniter.php(368): CodeIgniter\CodeIgniter->handleRequest(null, Object(Config\Cache), false)
 9 FCPATH/index.php(67): CodeIgniter\CodeIgniter->run()
CRITICAL - 2023-06-18 09:05:53 --> Undefined variable $pager
in APPPATH/Views/listado.php on line 37.
 1 APPPATH/Views/listado.php(37): CodeIgniter\Debug\Exceptions->errorHandler(2, 'Undefined variable $pager', '/Users/budspencerdev/informacion/Proyectos/www/codeigniter/app/Views/listado.php', 37)
 2 SYSTEMPATH/View/View.php(213): include('/Users/budspencerdev/informacion/Proyectos/www/codeigniter/app/Views/listado.php')
 3 SYSTEMPATH/View/View.php(216): CodeIgniter\View\View->CodeIgniter\View\{closure}()
 4 SYSTEMPATH/Common.php(1184): CodeIgniter\View\View->render('listado', [], true)
 5 APPPATH/Controllers/RecargaController.php(22): view('listado', [...])
 6 SYSTEMPATH/CodeIgniter.php(934): App\Controllers\RecargaController->index()
 7 SYSTEMPATH/CodeIgniter.php(499): CodeIgniter\CodeIgniter->runController(Object(App\Controllers\RecargaController))
 8 SYSTEMPATH/CodeIgniter.php(368): CodeIgniter\CodeIgniter->handleRequest(null, Object(Config\Cache), false)
 9 FCPATH/index.php(67): CodeIgniter\CodeIgniter->run()
CRITICAL - 2023-06-18 09:07:05 --> Undefined variable $pager
in APPPATH/Views/listado.php on line 37.
 1 APPPATH/Views/listado.php(37): CodeIgniter\Debug\Exceptions->errorHandler(2, 'Undefined variable $pager', '/Users/budspencerdev/informacion/Proyectos/www/codeigniter/app/Views/listado.php', 37)
 2 SYSTEMPATH/View/View.php(213): include('/Users/budspencerdev/informacion/Proyectos/www/codeigniter/app/Views/listado.php')
 3 SYSTEMPATH/View/View.php(216): CodeIgniter\View\View->CodeIgniter\View\{closure}()
 4 SYSTEMPATH/Common.php(1184): CodeIgniter\View\View->render('listado', [], true)
 5 APPPATH/Controllers/RecargaController.php(22): view('listado', [...])
 6 SYSTEMPATH/CodeIgniter.php(934): App\Controllers\RecargaController->index()
 7 SYSTEMPATH/CodeIgniter.php(499): CodeIgniter\CodeIgniter->runController(Object(App\Controllers\RecargaController))
 8 SYSTEMPATH/CodeIgniter.php(368): CodeIgniter\CodeIgniter->handleRequest(null, Object(Config\Cache), false)
 9 FCPATH/index.php(67): CodeIgniter\CodeIgniter->run()
CRITICAL - 2023-06-18 09:07:05 --> Undefined variable $pager
in APPPATH/Views/listado.php on line 37.
 1 APPPATH/Views/listado.php(37): CodeIgniter\Debug\Exceptions->errorHandler(2, 'Undefined variable $pager', '/Users/budspencerdev/informacion/Proyectos/www/codeigniter/app/Views/listado.php', 37)
 2 SYSTEMPATH/View/View.php(213): include('/Users/budspencerdev/informacion/Proyectos/www/codeigniter/app/Views/listado.php')
 3 SYSTEMPATH/View/View.php(216): CodeIgniter\View\View->CodeIgniter\View\{closure}()
 4 SYSTEMPATH/Common.php(1184): CodeIgniter\View\View->render('listado', [], true)
 5 APPPATH/Controllers/RecargaController.php(22): view('listado', [...])
 6 SYSTEMPATH/CodeIgniter.php(934): App\Controllers\RecargaController->index()
 7 SYSTEMPATH/CodeIgniter.php(499): CodeIgniter\CodeIgniter->runController(Object(App\Controllers\RecargaController))
 8 SYSTEMPATH/CodeIgniter.php(368): CodeIgniter\CodeIgniter->handleRequest(null, Object(Config\Cache), false)
 9 FCPATH/index.php(67): CodeIgniter\CodeIgniter->run()
CRITICAL - 2023-06-18 09:07:06 --> Undefined variable $pager
in APPPATH/Views/listado.php on line 37.
 1 APPPATH/Views/listado.php(37): CodeIgniter\Debug\Exceptions->errorHandler(2, 'Undefined variable $pager', '/Users/budspencerdev/informacion/Proyectos/www/codeigniter/app/Views/listado.php', 37)
 2 SYSTEMPATH/View/View.php(213): include('/Users/budspencerdev/informacion/Proyectos/www/codeigniter/app/Views/listado.php')
 3 SYSTEMPATH/View/View.php(216): CodeIgniter\View\View->CodeIgniter\View\{closure}()
 4 SYSTEMPATH/Common.php(1184): CodeIgniter\View\View->render('listado', [], true)
 5 APPPATH/Controllers/RecargaController.php(22): view('listado', [...])
 6 SYSTEMPATH/CodeIgniter.php(934): App\Controllers\RecargaController->index()
 7 SYSTEMPATH/CodeIgniter.php(499): CodeIgniter\CodeIgniter->runController(Object(App\Controllers\RecargaController))
 8 SYSTEMPATH/CodeIgniter.php(368): CodeIgniter\CodeIgniter->handleRequest(null, Object(Config\Cache), false)
 9 FCPATH/index.php(67): CodeIgniter\CodeIgniter->run()
CRITICAL - 2023-06-18 23:27:19 --> Call to undefined method App\Controllers\RecargaController::where()
in APPPATH/Controllers/RecargaController.php on line 42.
 1 SYSTEMPATH/CodeIgniter.php(934): App\Controllers\RecargaController->recharge()
 2 SYSTEMPATH/CodeIgniter.php(499): CodeIgniter\CodeIgniter->runController(Object(App\Controllers\RecargaController))
 3 SYSTEMPATH/CodeIgniter.php(368): CodeIgniter\CodeIgniter->handleRequest(null, Object(Config\Cache), false)
 4 FCPATH/index.php(67): CodeIgniter\CodeIgniter->run()
CRITICAL - 2023-06-18 23:35:36 --> Undefined variable $clientes
in APPPATH/Views/listado.php on line 23.
 1 APPPATH/Views/listado.php(23): CodeIgniter\Debug\Exceptions->errorHandler(2, 'Undefined variable $clientes', '/Users/budspencerdev/informacion/Proyectos/www/codeigniter/app/Views/listado.php', 23)
 2 SYSTEMPATH/View/View.php(213): include('/Users/budspencerdev/informacion/Proyectos/www/codeigniter/app/Views/listado.php')
 3 SYSTEMPATH/View/View.php(216): CodeIgniter\View\View->CodeIgniter\View\{closure}()
 4 SYSTEMPATH/Common.php(1184): CodeIgniter\View\View->render('listado', [], true)
 5 APPPATH/Controllers/RecargaController.php(46): view('listado')
 6 SYSTEMPATH/CodeIgniter.php(934): App\Controllers\RecargaController->recharge()
 7 SYSTEMPATH/CodeIgniter.php(499): CodeIgniter\CodeIgniter->runController(Object(App\Controllers\RecargaController))
 8 SYSTEMPATH/CodeIgniter.php(368): CodeIgniter\CodeIgniter->handleRequest(null, Object(Config\Cache), false)
 9 FCPATH/index.php(67): CodeIgniter\CodeIgniter->run()
